2L 11158 117968 chr4 30447268 30573386 z=0,color=blue
2L 117968 153421 chr4 30441252 30401649 z=0,color=orange
2L 177380 305221 chr4 10333049 10501960 z=0,color=blue
2L 306348 603346 chr4 19176580 18818195 z=0,color=orange
2L 603617 810211 chr4 27009250 26808392 z=0,color=blue
2L 811598 869842 chr4 23454881 23511138 z=0,color=orange
2L 870462 996672 chr4 30114522 30238763 z=0,color=blue
2L 1007381 1217622 chr4 27313843 27579129 z=0,color=orange
2L 1229881 1614155 chr4 27579534 28129645 z=0,color=blue
2L 1614457 1704697 chr4 29985870 30100342 z=0,color=orange
2L 1704961 1721686 chr4 20954751 20936729 z=0,color=blue
2L 1724765 1763726 chr4 26311379 26356176 z=0,color=orange
2L 1763736 1819440 chr4 26413204 26356142 z=0,color=blue
2L 1819590 2036357 chr4 26413352 26690705 z=0,color=orange
2L 2038881 2100323 chr4 26715135 26799275 z=0,color=blue
2L 2111065 2380516 chr4 22177871 21853227 z=0,color=orange
2L 2381142 2800439 chr4 7889655 7382189 z=0,color=blue
2L 2801071 2880715 chr4 5070420 5189038 z=0,color=orange
2L 2888299 2992748 chr4 5208111 5354684 z=0,color=blue
2L 2999567 3039826 chr4 25139449 25091341 z=0,color=orange
2L 3040244 3068197 chr4 25038125 25009071 z=0,color=blue
2L 3068339 3144273 chr4 10160677 10260990 z=0,color=orange
2L 3145106 3286432 chr4 8057269 8198770 z=0,color=blue
2L 3286494 3290388 chr4 8396261 8386146 z=0,color=orange
2L 3291332 3303467 chr4 6825145 6811153 z=0,color=blue
2L 3304066 3449446 chr4 24164675 23959604 z=0,color=orange
2L 3449750 3466059 chr4 18756568 18775788 z=0,color=blue
2L 3466221 3867232 chr4 23140564 22700330 z=0,color=orange
2L 3868074 4027235 chr4 20006422 19768340 z=0,color=blue
2L 4033535 4196812 chr4 19755903 19526527 z=0,color=orange
2L 4198415 4345792 chr4 30397283 30240338 z=0,color=blue
2L 4463820 4731019 chr4 29342976 29056851 z=0,color=orange
2L 4731891 4812016 chr4 29042050 28949707 z=0,color=blue
2L 4812699 4847353 chr4 21410217 21461702 z=0,color=orange
2L 4847931 4950895 chr4 23454550 23336472 z=0,color=blue
2L 4952265 5070760 chr4 8056542 7933081 z=0,color=orange
2L 5071185 5093517 chr4 20664732 20695609 z=0,color=blue
2L 5094087 5207010 chr4 20664158 20531591 z=0,color=orange
2L 5210234 5337515 chr4 24842645 25005241 z=0,color=blue
2L 5339259 5552561 chr4 10160543 9910235 z=0,color=orange
2L 5552927 5565779 chr4 6217407 6230799 z=0,color=blue
2L 5579723 5719927 chr4 6260998 6455765 z=0,color=orange
2L 5729660 5808925 chr4 17004413 16876528 z=0,color=blue
2L 5809340 5814589 chr4 16862628 16874166 z=0,color=orange
2L 5815619 6099950 chr4 16861749 16475513 z=0,color=blue
2L 6109657 6137618 chr4 16434268 16364885 z=0,color=orange
2L 6151935 6318650 chr4 16319564 16018927 z=0,color=blue
2L 6324000 6338475 chr4 15993234 15976162 z=0,color=orange
2L 6341017 6351199 chr4 15963503 15950103 z=0,color=blue
2L 6352295 6362110 chr4 15917372 15906667 z=0,color=orange
2L 6373264 6426295 chr4 15894105 15813247 z=0,color=blue
2L 6445119 6455707 chr4 15812525 15800362 z=0,color=orange
2L 6457798 6564601 chr4 13207592 13084649 z=0,color=blue
2L 6686856 6797244 chr4 11016725 10883171 z=0,color=orange
2L 6800191 6971713 chr4 14290935 14474902 z=0,color=blue
2L 6972817 7013029 chr4 11024465 11073037 z=0,color=orange
2L 7013340 7056029 chr4 11084931 11130962 z=0,color=blue
2L 7056281 7203168 chr4 29917205 29747610 z=0,color=orange
2L 7204534 7388103 chr4 18740941 18536224 z=0,color=blue
2L 7388491 7462417 chr4 10651950 10567572 z=0,color=orange
2L 7462643 7496317 chr4 10547493 10504416 z=0,color=blue
2L 7497803 7808550 chr4 19178170 19515489 z=0,color=orange
2L 7821099 7977095 chr4 23333741 23141964 z=0,color=blue
2L 7985379 7997836 chr4 18776908 18791664 z=0,color=orange
2L 7998883 8013295 chr4 25735115 25751048 z=0,color=blue
2L 8029604 8042856 chr4 21697983 21683226 z=0,color=orange
2L 8043489 8133991 chr4 8510879 8618628 z=0,color=blue
2L 8134257 8162325 chr4 20725775 20696172 z=0,color=orange
2L 8164762 8197044 chr4 7929390 7890027 z=0,color=blue
2L 8197218 8319730 chr4 21852289 21700067 z=0,color=orange
2L 8320403 8355152 chr4 25778417 25816620 z=0,color=blue
2L 8374462 8442319 chr4 10653424 10720176 z=0,color=orange
2L 8462147 8541490 chr4 13640310 13722123 z=0,color=blue
2L 8541512 8559903 chr4 15055101 15035687 z=0,color=orange
2L 8560324 8943218 chr4 15017958 14563720 z=0,color=blue
2L 8943460 9330344 chr4 15130114 15575730 z=0,color=orange
2L 9331043 9540064 chr4 13734583 13956485 z=0,color=blue
2L 9540383 10203686 chr4 18467353 17843051 z=0,color=orange
2L 10256317 10259614 chr4 17777319 17767176 z=0,color=blue
2L 10281971 10301867 chr4 17631767 17616677 z=0,color=orange
2L 10396769 10402866 chr4 17791685 17803674 z=0,color=blue
2L 10414570 10420598 chr4 17291106 17276689 z=0,color=orange
2L 10445483 10452024 chr4 17249728 17236637 z=0,color=blue
2L 10458441 10488467 chr4 17147072 17187791 z=0,color=orange
2L 10488932 10506466 chr4 24196281 24176429 z=0,color=blue
2L 10507141 10850865 chr4 6810540 6462690 z=0,color=orange
2L 10851318 10946916 chr4 17012869 17102330 z=0,color=blue
2L 10960491 10986170 chr4 17104481 17132532 z=0,color=orange
2L 11523313 11792324 chr4 20243089 20510612 z=0,color=blue
2L 12428053 12690104 chr4 20959176 21287721 z=0,color=orange
2L 12690336 13190752 chr4 9235757 8635593 z=0,color=blue
2L 13192413 13286476 chr4 5355532 5470164 z=0,color=orange
2L 13286780 13348820 chr4 14145984 14222588 z=0,color=blue
2L 13349845 13770479 chr4 12526634 13025818 z=0,color=orange
2L 13771113 14035875 chr4 3545722 3895797 z=0,color=blue
2L 14036766 14358804 chr4 3907962 4302275 z=0,color=orange
2L 14365664 14503395 chr4 11157036 11361118 z=0,color=blue
2L 14503561 14763907 chr4 11380410 11733942 z=0,color=orange
2L 14769593 14802170 chr4 11744931 11790271 z=0,color=blue
2L 14814385 14836382 chr4 11798017 11839639 z=0,color=orange
2L 14841408 14866892 chr4 11855346 11902505 z=0,color=blue
2L 14873358 15256254 chr4 11927513 12434485 z=0,color=orange
2L 15256649 15534881 chr4 6978329 7250554 z=0,color=blue
2L 15540088 15643899 chr4 7258117 7381923 z=0,color=orange
2L 15644169 15671192 chr4 5070368 5042087 z=0,color=blue
2L 15671261 15683097 chr4 5039341 5020406 z=0,color=orange
2L 15690456 15703258 chr4 5058347 5044530 z=0,color=blue
2L 15703497 15771089 chr4 5041398 4967069 z=0,color=orange
2L 15771349 16073712 chr4 4933085 4558350 z=0,color=blue
2L 16074123 16241513 chr4 4540219 4321439 z=0,color=orange
2L 16245832 16261756 chr4 11135486 11156519 z=0,color=blue
2L 16262190 16329085 chr4 29917614 29985144 z=0,color=orange
2L 16340586 16699929 chr4 25912419 26311056 z=0,color=blue
2L 16700036 16703137 chr4 28906540 28916893 z=0,color=orange
2L 16704277 16788932 chr4 20925082 20836812 z=0,color=blue
2L 16793314 16847720 chr4 20832332 20770897 z=0,color=orange
2L 16860094 16879235 chr4 20752778 20732837 z=0,color=blue
2L 16879550 17050418 chr4 29621708 29433512 z=0,color=orange
2L 17050703 17116406 chr4 29419917 29346118 z=0,color=blue
2L 17116724 17367473 chr4 9539928 9241118 z=0,color=orange
2L 17367488 17453011 chr4 21288288 21405211 z=0,color=blue
2L 17459569 17473168 chr4 28948082 28928886 z=0,color=orange
2L 17478422 18152317 chr4 28897932 28153101 z=0,color=blue
2L 18153413 18454548 chr4 22549993 22178886 z=0,color=orange
2L 18456093 18531946 chr4 21464149 21556173 z=0,color=blue
2L 18532020 18612119 chr4 21573335 21681958 z=0,color=orange
2L 18714394 18830669 chr4 22556418 22677976 z=0,color=blue
2L 18841384 18948043 chr4 20022967 20144555 z=0,color=orange
2L 18948885 18996097 chr4 25871467 25817922 z=0,color=blue
2L 18997973 19048756 chr4 18524792 18467814 z=0,color=orange
2L 19049151 19064633 chr4 13957337 13972587 z=0,color=blue
2L 19079224 19345179 chr4 3082328 3355541 z=0,color=orange
2L 19364251 19508723 chr4 3377502 3545122 z=0,color=blue
2L 19508955 19563069 chr4 13026522 13079502 z=0,color=orange
2L 19584315 19652438 chr4 15576624 15670970 z=0,color=blue
2L 19674130 19732064 chr4 15671239 15732767 z=0,color=orange
2L 19732761 19795862 chr4 14071236 14144892 z=0,color=blue
2L 19796478 19997304 chr4 5485288 5775584 z=0,color=orange
2L 19997794 20023501 chr4 5788668 5815372 z=0,color=blue
2L 20027707 20033933 chr4 5840505 5851523 z=0,color=orange
2L 20040255 20103212 chr4 5862526 5940097 z=0,color=blue
2L 20121942 20146976 chr4 14274169 14238613 z=0,color=orange
2L 20230322 20268487 chr4 12522771 12464011 z=0,color=blue
2L 20282953 20293643 chr4 12450569 12437100 z=0,color=orange
2L 20294487 20461637 chr4 6977661 6825159 z=0,color=blue
2L 20464842 20922606 chr4 25734297 25211851 z=0,color=orange
2L 20929654 21039435 chr4 9556080 9719647 z=0,color=blue
2L 21049894 21204579 chr4 9723516 9909265 z=0,color=orange
2L 21206390 21239629 chr4 6217138 6175369 z=0,color=blue
2L 21246316 21259679 chr4 6159996 6145700 z=0,color=orange
2L 21273538 21342113 chr4 6092689 6013535 z=0,color=blue
2L 21355399 21382346 chr4 6007732 5983141 z=0,color=orange
2L 21451558 21533019 chr2 17541214 17448386 z=0,color=blue
2L 21574868 21589313 chr4 5954400 5949682 z=0,color=orange
2L 21614692 21647765 chr4 10762343 10737634 z=0,color=blue
2L 21658788 21673269 chr4 10736275 10724725 z=0,color=orange
2L 21691201 21728292 chr4 10832812 10876983 z=0,color=blue
2L 21740032 21747427 chr4 13635832 13624652 z=0,color=orange
2L 21756542 22107250 chr4 13598279 13214155 z=0,color=blue
2L 22121854 22134363 chr4 15799619 15792645 z=0,color=orange
2L 22151836 22163112 chr4 15749012 15735387 z=0,color=blue
2L 22182691 22196763 chr4 14057195 14047019 z=0,color=orange
2L 22239936 22258191 chr4 3009038 3004106 z=0,color=blue
2L 22999669 23015976 chr4 13987569 13995251 z=0,color=orange
2R 4711818 4728499 chr4 17428934 17433595 z=0,color=blue
2R 5180510 5196877 chr3 1518761 1496087 z=0,color=orange
2R 5197802 5204314 chr3 1475766 1457187 z=0,color=blue
2R 5435641 5447262 chr3 3535813 3540309 z=0,color=orange
2R 5677716 5692209 chr3 3856439 3842644 z=0,color=blue
2R 5702870 5752480 chr3 18880787 18839868 z=0,color=orange
2R 5757752 5778646 chr3 15714370 15687390 z=0,color=blue
2R 5797188 5942320 chr3 15646736 15536397 z=0,color=orange
2R 5960294 6044956 chr3 15535691 15451065 z=0,color=blue
2R 6047599 6085442 chr3 22747749 22703256 z=0,color=orange
2R 6087763 6254257 chr3 21583433 21770339 z=0,color=blue
2R 6501482 6652854 chr3 21773309 21932265 z=0,color=orange
2R 6662292 7065984 chr3 4439498 4858748 z=0,color=blue
2R 7066217 7407630 chr3 4876281 5209964 z=0,color=orange
2R 7409695 7444776 chr3 5265483 5297032 z=0,color=blue
2R 7446358 7463043 chr3 10449748 10435057 z=0,color=orange
2R 7463586 7658441 chr3 16186898 16002358 z=0,color=blue
2R 7670042 7714192 chr3 10307754 10260957 z=0,color=orange
2R 7714239 7823593 chr3 6340188 6233053 z=0,color=blue
2R 7832198 7954138 chr3 17219839 17108042 z=0,color=orange
2R 7956632 8082186 chr3 9211938 9332964 z=0,color=blue
2R 8083129 8163538 chr3 11590373 11519100 z=0,color=orange
2R 8166896 8568252 chr3 5717325 6101961 z=0,color=blue
2R 8628031 8900181 chr3 17405885 17692192 z=0,color=orange
2R 9584667 9810400 chr3 17856960 18081357 z=0,color=blue
2R 9820743 9836847 chr3 11739664 11721583 z=0,color=orange
2R 9843840 9865615 chr3 20823978 20849846 z=0,color=blue
2R 9876217 9989027 chr3 14747521 14637971 z=0,color=orange
2R 9989208 10025849 chr3 9837957 9870592 z=0,color=blue
2R 10033319 10075612 chr3 9880692 9923764 z=0,color=orange
2R 10077126 10117477 chr3 13309384 13351385 z=0,color=blue
2R 10123087 10264571 chr3 10592696 10735303 z=0,color=orange
2R 10265120 10428736 chr3 11045612 10890110 z=0,color=blue
2R 10430013 10622288 chr3 20024816 19850636 z=0,color=orange
2R 10637477 10838702 chr3 19850601 19660406 z=0,color=blue
2R 10839087 10886310 chr3 15936444 15980561 z=0,color=orange
2R 10886857 10897806 chr3 11701497 11713877 z=0,color=blue
2R 10899737 11231147 chr3 22639816 22342860 z=0,color=orange
2R 11233212 11297355 chr3 14748885 14812597 z=0,color=blue
2R 11302247 11339273 chr3 17804113 17841851 z=0,color=orange
2R 11339273 11357474 chr3 17854253 17841861 z=0,color=blue
2R 11359426 11410756 chr3 17289261 17223855 z=0,color=orange
2R 11411940 11678377 chr3 8212839 8474348 z=0,color=blue
2R 11679433 11968432 chr3 20584855 20820946 z=0,color=orange
2R 12468515 12518924 chr3 20989409 21030032 z=0,color=blue
2R 12523199 12632159 chr3 16305744 16188635 z=0,color=orange
2R 12659590 12757505 chr3 14900117 14812774 z=0,color=blue
2R 12761958 12856744 chr3 18448552 18531515 z=0,color=orange
2R 12868215 12915247 chr3 18531515 18578887 z=0,color=blue
2R 12916042 12940358 chr3 18089337 18116412 z=0,color=orange
2R 12940358 13087629 chr3 9334438 9488733 z=0,color=blue
2R 13087629 13099817 chr3 9500219 9488760 z=0,color=orange
2R 13099817 13159140 chr3 9500209 9559643 z=0,color=blue
2R 13168742 13209758 chr3 14328352 14286088 z=0,color=orange
2R 13212719 13230017 chr3 10416282 10433049 z=0,color=blue
2R 13239725 13405983 chr3 4415582 4235600 z=0,color=orange
2R 13411595 13438096 chr3 17323484 17297955 z=0,color=blue
2R 13439314 13453396 chr3 11903057 11890390 z=0,color=orange
2R 13453639 13557874 chr3 11904076 12010544 z=0,color=blue
2R 13558656 13861843 chr3 18395868 18123003 z=0,color=orange
2R 13862022 13960112 chr3 11784066 11887161 z=0,color=blue
2R 13968387 13990653 chr3 15935692 15914375 z=0,color=orange
2R 13991954 14060376 chr3 15068500 15003146 z=0,color=blue
2R 14060446 14093414 chr3 6343067 6376663 z=0,color=orange
2R 14109740 14164643 chr3 6376944 6434811 z=0,color=blue
2R 14170520 14214746 chr3 20026978 20070291 z=0,color=orange
2R 14218763 14302250 chr3 21050229 21133129 z=0,color=blue
2R 14302942 14351803 chr3 7943567 7991956 z=0,color=orange
2R 14352224 14480131 chr3 8165057 8047271 z=0,color=blue
2R 14481511 14769347 chr3 8741391 9061247 z=0,color=orange
2R 14770455 14852562 chr3 8611562 8703956 z=0,color=blue
2R 14858928 14871048 chr3 18882781 18895555 z=0,color=orange
2R 14871769 14980826 chr3 17012789 17106080 z=0,color=blue
2R 14981287 14992197 chr3 9210944 9199217 z=0,color=orange
2R 14992654 15145501 chr3 12512799 12632208 z=0,color=blue
2R 15147880 15217624 chr3 9198943 9126677 z=0,color=orange
2R 15218458 15244456 chr3 4103531 4126431 z=0,color=blue
2R 15245519 15322065 chr3 4148309 4212445 z=0,color=orange
2R 15322470 15339402 chr3 15136328 15152363 z=0,color=blue
2R 15368330 15562414 chr3 15716867 15908825 z=0,color=orange
2R 15573187 15863667 chr3 23426440 23135652 z=0,color=blue
2R 15869512 15940003 chr3 21507201 21582902 z=0,color=orange
2R 15940610 16001269 chr3 22702215 22641936 z=0,color=blue
2R 16001757 16017097 chr3 21031054 21046784 z=0,color=orange
2R 16017737 16101044 chr3 20083810 20166133 z=0,color=blue
2R 16102673 16138236 chr3 22297582 22337975 z=0,color=orange
2R 16143232 16186011 chr3 8043594 7995120 z=0,color=blue
2R 16186566 16221754 chr3 8166310 8200988 z=0,color=orange
2R 16222167 16234050 chr3 14274128 14285402 z=0,color=blue
2R 16241077 16489094 chr3 7738228 7491460 z=0,color=orange
2R 16490039 16571228 chr3 7479420 7403263 z=0,color=blue
2R 16589518 16783164 chr3 22952031 22748661 z=0,color=orange
2R 16784756 16867692 chr3 14905335 14989884 z=0,color=blue
2R 16868222 17001947 chr3 10450232 10585935 z=0,color=orange
2R 17002027 17044814 chr3 11099811 11057913 z=0,color=blue
2R 17048802 17091818 chr3 9923820 9967180 z=0,color=orange
2R 17091992 17407058 chr3 20320831 20583270 z=0,color=blue
2R 17407892 17444781 chr3 8488560 8524414 z=0,color=orange
2R 17455732 17535840 chr3 8532470 8610249 z=0,color=blue
2R 17536405 17581356 chr3 9061983 9110515 z=0,color=orange
2R 17582131 17733051 chr3 14486156 14337896 z=0,color=blue
2R 17733555 17871991 chr3 20176612 20319631 z=0,color=orange
2R 17873769 18125785 chr3 9969710 10218659 z=0,color=blue
2R 18128445 18167080 chr3 10364917 10406813 z=0,color=orange
2R 18173857 18358175 chr3 15153105 15331463 z=0,color=blue
2R 18372933 18512860 chr3 15331821 15449603 z=0,color=orange
2R 18514096 18551960 chr3 11782592 11742000 z=0,color=blue
2R 18554128 18627746 chr3 12500844 12442083 z=0,color=orange
2R 18640842 18680583 chr3 7252745 7208150 z=0,color=blue
2R 18690672 18724082 chr3 7198405 7147118 z=0,color=orange
2R 18724557 18807550 chr3 7134400 7043924 z=0,color=blue
2R 18808272 18850575 chr3 6173473 6221243 z=0,color=orange
2R 18850933 19121951 chr3 9560430 9827085 z=0,color=blue
2R 19497646 19728971 chr3 16306617 16530335 z=0,color=orange
2R 19766381 20231448 chr3 16531774 17004465 z=0,color=blue
2R 20234239 20245367 chr3 21428339 21418028 z=0,color=orange
2R 20247905 20265075 chr3 12893341 12872848 z=0,color=blue
2R 20274679 20287057 chr3 13566265 13554155 z=0,color=orange
2R 20287381 20318636 chr3 13567207 13598041 z=0,color=blue
2R 20319649 20552060 chr3 14017112 14273420 z=0,color=orange
2R 20563025 20976980 chr3 12438039 12012343 z=0,color=blue
2R 20979180 21168631 chr3 21180181 21390028 z=0,color=orange
2R 21168931 21182948 chr3 21400609 21414749 z=0,color=blue
2R 21183331 21311133 chr3 7253281 7381237 z=0,color=orange
2R 21312579 21323296 chr3 7391831 7402733 z=0,color=blue
2R 21323510 21341837 chr3 13539067 13519585 z=0,color=orange
2R 21341893 21392316 chr3 23134962 23082691 z=0,color=blue
2R 21392377 21616809 chr3 19298120 19526328 z=0,color=orange
2R 21625193 21691110 chr3 6706424 6636364 z=0,color=blue
2R 21691595 22090023 chr3 18896016 19296936 z=0,color=orange
2R 22091561 22185726 chr3 23081999 22975579 z=0,color=blue
2R 22186034 22415551 chr3 18820345 18580855 z=0,color=orange
2R 22415752 22483056 chr3 12634091 12699629 z=0,color=blue
2R 22492329 22641422 chr3 10743140 10885879 z=0,color=orange
2R 22646756 22797514 chr3 7738522 7886048 z=0,color=blue
2R 22807354 22853773 chr3 7904750 7943292 z=0,color=orange
2R 22854486 22895666 chr3 21134550 21174870 z=0,color=blue
2R 22896173 22916711 chr3 13478834 13497205 z=0,color=orange
2R 22918917 23001602 chr3 21505966 21428820 z=0,color=blue
2R 23002450 23064226 chr3 6108412 6171463 z=0,color=orange
2R 23071986 23305305 chr3 7040657 6769808 z=0,color=blue
2R 23306005 23357359 chr3 6758880 6706983 z=0,color=orange
2R 23366883 23383423 chr3 12852799 12870014 z=0,color=blue
2R 23385885 23540715 chr3 12852662 12705002 z=0,color=orange
2R 23541020 23746787 chr3 13308281 13096993 z=0,color=blue
2R 23752810 23851046 chr3 3996096 3875148 z=0,color=orange
2R 23851538 23864464 chr3 5315376 5341174 z=0,color=blue
2R 23865500 23964542 chr3 5370721 5485854 z=0,color=orange
2R 23964867 24023975 chr3 11273208 11340474 z=0,color=blue
2R 24024315 24174377 chr3 11350994 11518490 z=0,color=orange
2R 24174835 24535385 chr3 22294018 21933131 z=0,color=blue
2R 24535805 24661281 chr3 20975831 20850211 z=0,color=orange
2R 24668459 24743406 chr3 19612473 19540900 z=0,color=blue
2R 24743927 24869663 chr3 14637442 14494367 z=0,color=orange
2R 24876283 25011257 chr3 5527477 5691033 z=0,color=blue
2R 25012319 25141726 chr3 13745958 13893265 z=0,color=orange
2R 25159750 25188244 chr3 13893500 13926418 z=0,color=blue
2R 25192804 25250605 chr3 14009918 13938830 z=0,color=orange
3L 23884 46838 XR 10643863 10689068 z=0,color=blue
3L 48767 55338 XR 10699739 10712876 z=0,color=orange
3L 60361 156255 XR 10728081 10882881 z=0,color=blue
3L 160805 186303 XR 10893404 10931473 z=0,color=orange
3L 187022 233352 XR 10389249 10440156 z=0,color=blue
3L 233889 247069 XR 10565423 10550442 z=0,color=orange
3L 248370 291067 XR 10476544 10526065 z=0,color=blue
3L 305399 327752 XR 10440286 10475204 z=0,color=orange
3L 329976 356056 XR 10642716 10604972 z=0,color=blue
3L 361493 542852 XR 2088429 1859184 z=0,color=orange
3L 543232 603923 XR 1821470 1745682 z=0,color=blue
3L 605195 833392 XR 3570705 3312406 z=0,color=orange
3L 841501 857377 XR 19115821 19098070 z=0,color=blue
3L 867973 995662 XR 19095214 18954672 z=0,color=orange
3L 995992 1199342 XR 4712991 4948508 z=0,color=blue
3L 1199791 1342146 XR 10936941 11098465 z=0,color=orange
3L 1342494 1352033 XR 3580882 3570738 z=0,color=blue
3L 1352709 1501951 XR 1743939 1560099 z=0,color=orange
3L 1502966 1544832 XR 2089460 2127058 z=0,color=blue
3L 1558744 1576365 XR 19200200 19218529 z=0,color=orange
3L 1577090 1645228 XR 3037902 3113300 z=0,color=blue
3L 1645511 1715531 XR 17361609 17438678 z=0,color=orange
3L 1731342 1755857 XR 3028642 3002806 z=0,color=blue
3L 1756315 1795304 XR 11369363 11327293 z=0,color=orange
3L 1795685 1963669 XR 20666902 20476797 z=0,color=blue
3L 1964856 2243816 XR 13607917 13273314 z=0,color=orange
3L 2244492 2315439 XR 13244796 13166657 z=0,color=blue
3L 2324716 2346830 XR 13154758 13122187 z=0,color=orange
3L 2353738 2499272 XR 13111232 12947112 z=0,color=blue
3L 2499394 2553958 XR 12920473 12852640 z=0,color=orange
3L 2554772 2586447 XR 2367165 2403482 z=0,color=blue
3L 2780934 3034203 XR 2494185 2754334 z=0,color=orange
3L 3047155 3165093 XR 2826528 2939459 z=0,color=blue
3L 3370423 3616540 XR 4391691 4689885 z=0,color=orange
3L 3616927 3813980 XR 18913452 18671273 z=0,color=blue
3L 3814242 3896846 XR 20758063 20667382 z=0,color=orange
3L 3896911 4025291 XR 11326733 11191675 z=0,color=blue
3L 4026537 4107471 XR 19115558 19195423 z=0,color=orange
3L 4110423 4282786 XR 7267505 7449983 z=0,color=blue
3L 4283071 4292192 XR 9512350 9502224 z=0,color=orange
3L 4292623 4322216 XR 15557707 15527567 z=0,color=blue
3L 4322479 4356747 XR 19738478 19765024 z=0,color=orange
3L 4364571 5083197 XR 9356914 8566700 z=0,color=blue
3L 5083699 5104284 XR 2204897 2228067 z=0,color=orange
3L 5124610 5154774 XR 2228370 2260824 z=0,color=blue
3L 5155749 5372333 XR 18141858 17881857 z=0,color=orange
3L 5403791 5525003 XR 17843721 17702777 z=0,color=blue
3L 5533958 5749637 XR 17691260 17448292 z=0,color=orange
3L 5753020 5789435 XR 15696299 15737809 z=0,color=blue
3L 5794350 5932594 XR 8222169 8371130 z=0,color=orange
3L 5933041 5966855 XR 15738235 15777392 z=0,color=blue
3L 5967311 6184917 XR 15800594 16027723 z=0,color=orange
3L 6186073 6220927 XR 1137506 1172430 z=0,color=blue
3L 6231922 6262738 XR 1173815 1212900 z=0,color=orange
3L 6264932 6404875 XR 1227040 1402882 z=0,color=blue
3L 6432296 6550105 XR 1404681 1551297 z=0,color=orange
3L 6551827 6955480 XR 4330759 3898324 z=0,color=blue
3L 6956229 6994384 XR 819914 859157 z=0,color=orange
3L 6996177 7155438 XR 23181821 23351563 z=0,color=blue
3L 7157876 7250538 XR 21737019 21633616 z=0,color=orange
3L 7250725 7356715 XR 8477199 8371433 z=0,color=blue
3L 7357537 7726361 XR 24300133 23900067 z=0,color=orange
3L 7727587 7915124 XR 10043254 10245502 z=0,color=blue
3L 7926007 8054276 XR 10246283 10381008 z=0,color=orange
3L 8399666 8442351 XR 12528325 12484898 z=0,color=blue
3L 8443146 8534623 XR 16108952 16028181 z=0,color=orange
3L 8534982 8574408 XR 1135402 1085309 z=0,color=blue
3L 8574424 8775763 XR 8024676 7797845 z=0,color=orange
3L 8776084 8932081 XR 7786627 7612232 z=0,color=blue
3L 9630200 9703664 XR 7582471 7506232 z=0,color=orange
3L 11078755 11101842 XR 21930391 21908995 z=0,color=blue
3L 11123380 11163987 XR 14845543 14886449 z=0,color=orange
3L 11164994 11432222 XR 14947499 15229138 z=0,color=blue
3L 11434793 11711367 XR 15241914 15518520 z=0,color=orange
3L 11711903 11801578 XR 3310936 3224710 z=0,color=blue
3L 11848817 11998106 XR 23792854 23640792 z=0,color=orange
3L 12008216 12066651 XR 8030017 8082451 z=0,color=blue
3L 12067894 12125207 XR 19722709 19672052 z=0,color=orange
3L 12132198 12335905 XR 23178143 22948836 z=0,color=blue
3L 12336704 12772612 XR 22530995 22086797 z=0,color=orange
3L 12777536 12856475 XR 13740670 13825779 z=0,color=blue
3L 12863122 13026510 XR 21408616 21260846 z=0,color=orange
3L 13026961 13141897 XR 20338692 20222239 z=0,color=blue
3L 13146318 13221574 XR 20136457 20222134 z=0,color=orange
3L 13221762 13314509 XR 20131126 20039899 z=0,color=blue
3L 13314811 13348640 XR 19999667 20039129 z=0,color=orange
3L 13349147 13362043 XR 19984189 19999289 z=0,color=blue
3L 13362455 13410755 XR 19983696 19932942 z=0,color=orange
3L 13411529 13424350 XR 5390650 5376260 z=0,color=blue
3L 13428823 13450260 XR 5376092 5354132 z=0,color=orange
3L 13450738 13486107 XR 2976854 2940377 z=0,color=blue
3L 13486953 13804090 XR 5965093 5597000 z=0,color=orange
3L 13845592 13859996 XR 5392563 5406954 z=0,color=blue
3L 13867382 13996748 XR 19923598 19790328 z=0,color=orange
3L 13998214 14029116 XR 9360664 9397284 z=0,color=blue
3L 14032237 14183397 XR 20941788 20766443 z=0,color=orange
3L 14192256 14402909 XR 18668471 18466414 z=0,color=blue
3L 14403556 14632070 XR 18433532 18194412 z=0,color=orange
3L 14632873 14671612 XR 24531037 24565815 z=0,color=blue
3L 14672669 14786228 XR 24581141 24690507 z=0,color=orange
3L 14802386 15805508 XR 24720730 25650871 z=0,color=blue
3L 15809315 15967851 XR 22078523 21931478 z=0,color=orange
3L 15968185 16011659 XR 7261339 7218939 z=0,color=blue
3L 16012377 16034850 XR 3163069 3186531 z=0,color=orange
3L 16035390 16112387 XR 23819614 23899882 z=0,color=blue
3L 16113756 16494003 XR 10041392 9634175 z=0,color=orange
3L 16496967 16610390 XR 9610815 9512704 z=0,color=blue
3L 16610641 16661402 XR 7450394 7499129 z=0,color=orange
3L 16662610 16782421 XR 3895236 3771761 z=0,color=blue
3L 16783033 16837246 XR 11160123 11104010 z=0,color=orange
3L 16842625 16994156 XR 3581811 3732319 z=0,color=blue
3L 16994714 17012431 XR 3754593 3770472 z=0,color=orange
3L 17012706 17045025 XR 11160392 11190543 z=0,color=blue
3L 17045762 17242041 XR 12265035 12478343 z=0,color=orange
3L 17246542 17331856 XR 16111794 16200344 z=0,color=blue
3L 17335958 17513884 XR 16204864 16399958 z=0,color=orange
3L 17514467 17546665 XR 12240228 12213638 z=0,color=blue
3L 17546849 17621529 XR 23433154 23354039 z=0,color=orange
3L 17621850 17790515 XR 21743009 21909915 z=0,color=blue
3L 17797794 17856754 XR 14814534 14754791 z=0,color=orange
3L 17879996 18045243 XR 14751931 14593252 z=0,color=blue
3L 18056991 18167175 XR 14583331 14469991 z=0,color=orange
3L 18167656 18479848 XR 14454999 14109703 z=0,color=blue
3L 18480436 18528607 XR 14091510 14047007 z=0,color=orange
3L 18539876 18742814 XR 14045557 13833921 z=0,color=blue
3L 18744482 18898313 XR 21412878 21575260 z=0,color=orange
3L 18899100 19139863 XR 5975683 6212017 z=0,color=blue
3L 19140859 19446289 XR 6226099 6519520 z=0,color=orange
3L 19450663 19739811 XR 6520413 6805981 z=0,color=blue
3L 19777154 19793380 XR 6807838 6824068 z=0,color=orange
3L 20432592 20806715 XR 6839139 7217466 z=0,color=blue
3L 20806833 21012565 XR 24300855 24512541 z=0,color=orange
3L 21024943 21034088 XR 24515299 24526534 z=0,color=blue
3L 21034456 21075454 XR 18193581 18151917 z=0,color=orange
3L 21075585 21135849 XR 2763358 2825288 z=0,color=blue
3L 21136448 21183252 XR 775963 818148 z=0,color=orange
3L 21183252 21440814 XR 12849513 12614875 z=0,color=blue
3L 21445962 21482631 XR 897732 860965 z=0,color=orange
3L 21493095 21507564 XR 6826931 6839013 z=0,color=blue
3L 21510067 21554208 XR 12148588 12102632 z=0,color=orange
3L 21555648 21568875 XR 22870399 22885751 z=0,color=blue
3L 21574509 21625749 XR 11929155 11986116 z=0,color=orange
3L 21628291 21824155 XR 21037567 21260515 z=0,color=blue
3L 21824734 21941792 XR 20338807 20463488 z=0,color=orange
3L 21942631 22266678 XR 5023686 5353669 z=0,color=blue
3L 22267593 22288194 XR 2979802 3001038 z=0,color=orange
3L 22292997 22659428 XR 11421361 11832331 z=0,color=blue
3L 22659819 22741431 XR 11846440 11928024 z=0,color=orange
3L 22752073 22787399 XR 22903025 22944068 z=0,color=blue
3L 22788523 22802112 XR 22534094 22549345 z=0,color=orange
3L 22820289 22980484 XR 22550475 22740903 z=0,color=blue
3L 23007316 23038187 XR 22833562 22856897 z=0,color=orange
3L 23263796 23283981 chr2 18996037 18992815 z=0,color=blue
3L 23318782 23334755 chr2 19084947 19090813 z=0,color=orange
3L 24723731 24736224 chr2 26006516 26015324 z=0,color=blue
3L 25752959 25763014 chr2 25890237 25899205 z=0,color=orange
3L 27136558 27147701 chr2 26069345 26079230 z=0,color=blue
3R 4174635 4220150 chr2 25702201 25667659 z=0,color=orange
3R 4221121 4366283 chr2 25654656 25516976 z=0,color=blue
3R 4377173 4417560 chr2 25514639 25473217 z=0,color=orange
3R 4422823 4477311 chr2 25449700 25388069 z=0,color=blue
3R 4485105 4509840 chr2 21079104 21096258 z=0,color=orange
3R 4521327 4559040 chr2 21098271 21137307 z=0,color=blue
3R 4612720 4644452 chr2 21166980 21200992 z=0,color=orange
3R 4644764 4657864 chr2 22349043 22336730 z=0,color=blue
3R 4660977 4748889 chr2 24971883 25070098 z=0,color=orange
3R 4750367 5126148 chr2 23128946 22766129 z=0,color=blue
3R 5128109 5393440 chr2 22751396 22467914 z=0,color=orange
3R 5393999 5570511 chr2 22280764 22081286 z=0,color=blue
3R 5571134 5591529 chr2 24575969 24596644 z=0,color=orange
3R 5591760 5601149 chr2 24290452 24280203 z=0,color=blue
3R 5601554 5636876 chr2 17644265 17674629 z=0,color=orange
3R 5660922 5718017 chr2 17675224 17733224 z=0,color=blue
3R 5830201 6347481 chr2 16474729 16017173 z=0,color=orange
3R 6351064 6396873 chr2 21076323 21032946 z=0,color=blue
3R 6413865 6429818 chr2 21009661 20992830 z=0,color=orange
3R 6435104 6779583 chr2 20982493 20610377 z=0,color=blue
3R 6780825 6806389 chr2 20582413 20608264 z=0,color=orange
3R 6808183 6821164 chr2 20581109 20568796 z=0,color=blue
3R 6822942 6975628 chr2 20554147 20376295 z=0,color=orange
3R 6975662 7074427 chr2 20362800 20239668 z=0,color=blue
3R 7074966 7085471 chr2 31089424 31081023 z=0,color=orange
3R 7086572 7452175 chr2 27137515 27479277 z=0,color=blue
3R 7476561 7603947 chr2 27500174 27622755 z=0,color=orange
3R 7604365 7694053 chr2 27634242 27734481 z=0,color=blue
3R 7713641 7913317 chr2 27734758 27918871 z=0,color=orange
3R 7916926 7999314 chr2 17409154 17317972 z=0,color=blue
3R 8008410 8036644 chr2 25139901 25108337 z=0,color=orange
3R 8050061 8101811 chr2 6798626 6756267 z=0,color=blue
3R 8105615 8243813 chr2 13501445 13356411 z=0,color=orange
3R 8244208 8269878 chr2 14428667 14451727 z=0,color=blue
3R 8270062 8344235 chr2 14989003 15066070 z=0,color=orange
3R 8344440 8362369 chr2 14403136 14380182 z=0,color=blue
3R 8362868 8477120 chr2 24062625 24176668 z=0,color=orange
3R 8485526 8563423 chr2 24189609 24278757 z=0,color=blue
3R 8564141 8663774 chr2 17644132 17550566 z=0,color=orange
3R 8674125 8820675 chr2 27926121 28075635 z=0,color=blue
3R 8821356 8897898 chr2 24048056 23950186 z=0,color=orange
3R 8913834 8945009 chr2 23948927 23895713 z=0,color=blue
3R 8945480 8979613 chr2 22425163 22465989 z=0,color=orange
3R 8984874 9051861 chr2 28151427 28077346 z=0,color=blue
3R 9052717 9066243 chr2 24050232 24062476 z=0,color=orange
3R 9066337 9239163 chr2 25364457 25148664 z=0,color=blue
3R 9240783 9270110 chr2 1762171 1717654 z=0,color=orange
3R 9275820 9334618 chr2 4531291 4476534 z=0,color=blue
3R 9335202 9460812 chr2 3552104 3417988 z=0,color=orange
3R 9461078 9496728 chr2 2634426 2672675 z=0,color=blue
3R 9497098 9535149 chr2 23169970 23129259 z=0,color=orange
3R 9535621 9551768 chr2 25084687 25101098 z=0,color=blue
3R 9552251 9577744 chr2 24918724 24946928 z=0,color=orange
3R 9586963 9628579 chr2 22335526 22286602 z=0,color=blue
3R 9633299 9674855 chr2 26492755 26529430 z=0,color=orange
3R 9678043 9692692 chr2 26281336 26292787 z=0,color=blue
3R 9693122 9714129 chr2 5854852 5835203 z=0,color=orange
3R 9714586 9725583 chr2 18706578 18685684 z=0,color=blue
3R 9726395 9729450 chr2 18876031 18857273 z=0,color=orange
3R 9734797 9741951 chr2 18786261 18823741 z=0,color=blue
3R 9742983 9838060 chr2 12872380 12770528 z=0,color=orange
3R 9850881 9868139 chr2 12770178 12752194 z=0,color=blue
3R 9869703 10119961 chr2 5584321 5295993 z=0,color=orange
3R 10122361 10144085 chr2 7908910 7932644 z=0,color=blue
3R 10144820 10696273 chr2 7897324 7332506 z=0,color=orange
3R 10696686 10751996 chr2 30283615 30216107 z=0,color=blue
3R 10752049 10767718 chr2 30198548 30178649 z=0,color=orange
3R 10768152 10854386 chr2 18364925 18270326 z=0,color=blue
3R 10858227 11115322 chr2 28878657 29231128 z=0,color=orange
3R 11123550 11235888 chr2 29242744 29397382 z=0,color=blue
3R 11240157 11242035 chr2 29388486 29374986 z=0,color=orange
3R 11242203 11431571 chr2 30131879 29956308 z=0,color=blue
3R 11578896 11618343 chr2 26831902 26792572 z=0,color=orange
3R 11674988 11819161 chr2 26677824 26535537 z=0,color=blue
3R 11819596 11949052 chr2 26280593 26142047 z=0,color=orange
3R 11949714 12363350 chr2 23446011 23895325 z=0,color=blue
3R 12364912 12468073 chr2 5730436 5830768 z=0,color=orange
3R 12511567 12633939 chr2 1982697 1859541 z=0,color=blue
3R 12633939 12681854 chr2 6094985 6048556 z=0,color=orange
3R 12682189 12712333 chr2 11029985 10996747 z=0,color=blue
3R 12713094 13051493 chr2 11958024 11592763 z=0,color=orange
3R 13052408 13271902 chr2 11566514 11347487 z=0,color=blue
3R 13272773 13403001 chr2 10367142 10241681 z=0,color=orange
3R 13403386 13683136 chr2 17039775 17313919 z=0,color=blue
3R 13683942 13779341 chr2 10421848 10513556 z=0,color=orange
3R 13780949 13837914 chr2 15960542 16014462 z=0,color=blue
3R 13840511 14286917 chr2 14101629 13657887 z=0,color=orange
3R 14287087 14315697 chr2 13329946 13355083 z=0,color=blue
3R 14316063 14511522 chr2 16548285 16760097 z=0,color=orange
3R 14513783 14608100 chr2 14503117 14602808 z=0,color=blue
3R 14609544 14695364 chr2 11233197 11148218 z=0,color=orange
3R 14697663 14893853 chr2 7939272 8177201 z=0,color=blue
3R 14898678 14967243 chr2 21526362 21611296 z=0,color=orange
3R 14967467 15213587 chr2 21622117 21897632 z=0,color=blue
3R 15223366 15328048 chr2 28763600 28878103 z=0,color=orange
3R 15328644 15342951 chr2 12872420 12887381 z=0,color=blue
3R 15343634 15363594 chr2 4390211 4413373 z=0,color=orange
3R 15367847 15438065 chr2 10241412 10164067 z=0,color=blue
3R 15438701 15493175 chr2 6750886 6696895 z=0,color=orange
3R 15493688 15777551 chr2 31176647 31534351 z=0,color=blue
3R 15777598 15785306 chr2 31544707 31562896 z=0,color=orange
3R 15786684 15803674 chr2 23215121 23230534 z=0,color=blue
3R 15804855 15832672 chr2 22385322 22349399 z=0,color=orange
3R 15834710 15983445 chr2 21205208 21369845 z=0,color=blue
3R 15983607 16205248 chr2 27082638 26843644 z=0,color=orange
3R 16261334 16453428 chr2 23443678 23232640 z=0,color=blue
3R 16454308 16483989 chr2 22389721 22423564 z=0,color=orange
3R 16484609 16622602 chr2 5730424 5597074 z=0,color=blue
3R 16625429 16639802 chr2 12730253 12715516 z=0,color=orange
3R 16643780 17077917 chr2 17800288 18267715 z=0,color=blue
3R 17085793 17144648 chr2 5224871 5292678 z=0,color=orange
3R 17152992 17539934 chr2 9802393 9425411 z=0,color=blue
3R 17540533 17605683 chr2 4042046 3983840 z=0,color=orange
3R 17606308 17682463 chr2 24687393 24597331 z=0,color=blue
3R 17687778 17798326 chr2 26697807 26789670 z=0,color=orange
3R 17809536 18221419 chr2 29397459 29927072 z=0,color=blue
3R 18221550 18242187 chr2 29950158 29929297 z=0,color=orange
3R 18242753 18274358 chr2 20208690 20178757 z=0,color=blue
3R 18274731 18286626 chr2 21522224 21510019 z=0,color=orange
3R 18286872 18298681 chr2 26679383 26691274 z=0,color=blue
3R 18302050 18390623 chr2 12405318 12311094 z=0,color=orange
3R 18393397 18412828 chr2 12308307 12281040 z=0,color=blue
3R 18413874 18677518 chr2 12258250 11959626 z=0,color=orange
3R 18677868 18746003 chr2 10996420 10931431 z=0,color=blue
3R 18746400 18758858 chr2 16875175 16886986 z=0,color=orange
3R 18758921 19023944 chr2 15083880 15344549 z=0,color=blue
3R 19031499 19162253 chr2 7174046 7330750 z=0,color=orange
3R 19163978 19440840 chr2 30284360 30586744 z=0,color=blue
3R 19450929 19461622 chr2 30587733 30603249 z=0,color=orange
3R 19472383 19861272 chr2 30614946 31073608 z=0,color=blue
3R 19861610 19904690 chr2 27136996 27092294 z=0,color=orange
3R 19905189 20085659 chr2 28759446 28549336 z=0,color=blue
3R 20118132 20262778 chr2 28526074 28393002 z=0,color=orange
3R 20273634 20307940 chr2 28384246 28345421 z=0,color=blue
3R 20309381 20551055 chr2 15661151 15892294 z=0,color=orange
3R 20552391 20617230 chr2 1789761 1858295 z=0,color=blue
3R 20617906 20821905 chr2 6097094 6305068 z=0,color=orange
3R 21735260 22014562 chr2 6797837 7089702 z=0,color=blue
3R 22014700 22025418 chr2 7101559 7112205 z=0,color=orange
3R 22026024 22079328 chr2 16830894 16764734 z=0,color=blue
3R 22080150 22092617 chr2 8208015 8193623 z=0,color=orange
3R 22094540 22351184 chr2 12406371 12678153 z=0,color=blue
3R 22639779 22697882 chr2 12892069 12947827 z=0,color=orange
3R 22698394 23061187 chr2 6696559 6306213 z=0,color=blue
3R 23061651 23091863 chr2 3346193 3380144 z=0,color=orange
3R 23097150 23127779 chr2 3383417 3413050 z=0,color=blue
3R 23128146 23157845 chr2 9086268 9118529 z=0,color=orange
3R 23158121 23347780 chr2 10045479 9811736 z=0,color=blue
3R 23348130 23358182 chr2 3940156 3929103 z=0,color=orange
3R 23358702 23585838 chr2 2897688 3161397 z=0,color=blue
3R 23586447 23617572 chr2 3171691 3207800 z=0,color=orange
3R 23618133 23719267 chr2 3218995 3326015 z=0,color=blue
3R 23734400 23891004 chr2 13157606 13328786 z=0,color=orange
3R 23929318 24055155 chr2 14615734 14771517 z=0,color=blue
3R 24057432 24252618 chr2 14773807 14987719 z=0,color=orange
3R 24252869 24289990 chr2 14452960 14496217 z=0,color=blue
3R 24290249 24544992 chr2 19504856 19216835 z=0,color=orange
3R 25034141 25044761 chr2 18733209 18708664 z=0,color=blue
3R 25072926 25221376 chr2 18597868 18365837 z=0,color=orange
3R 25221666 25258494 chr2 30178300 30136347 z=0,color=blue
3R 25258931 25339913 chr2 21446426 21370584 z=0,color=orange
3R 25340350 25482594 chr2 28344542 28151995 z=0,color=blue
3R 25627201 25829236 chr2 24570936 24342950 z=0,color=orange
3R 25842916 25881441 chr2 24336521 24291295 z=0,color=blue
3R 25882068 26108880 chr2 20177018 19918516 z=0,color=orange
3R 26118977 26137031 chr2 19916545 19897085 z=0,color=blue
3R 26144871 26150746 chr2 19886077 19866048 z=0,color=orange
3R 26166339 26452333 chr2 19819922 19511204 z=0,color=blue
3R 26457428 26535091 chr2 8212320 8288897 z=0,color=orange
3R 26536616 26725187 chr2 10731884 10930019 z=0,color=blue
3R 26725744 26774021 chr2 5222923 5169064 z=0,color=orange
3R 26774092 26964782 chr2 5158491 4932289 z=0,color=blue
3R 26965104 27138001 chr2 8773570 8949449 z=0,color=orange
3R 27148123 27229366 chr2 8953053 9039963 z=0,color=blue
3R 27283835 27582219 chr2 9122173 9425178 z=0,color=orange
3R 27582835 27694008 chr2 4042441 4164862 z=0,color=blue
3R 27700384 27919201 chr2 4171643 4389098 z=0,color=orange
3R 27921358 28345232 chr2 8720670 8290070 z=0,color=blue
3R 28346415 28544764 chr2 10727079 10515113 z=0,color=orange
3R 28545555 28599349 chr2 15958093 15897758 z=0,color=blue
3R 28600403 28758193 chr2 3901623 3713614 z=0,color=orange
3R 28771432 28830735 chr2 3713431 3653957 z=0,color=blue
3R 28845347 28872804 chr2 14378016 14344994 z=0,color=orange
3R 28878039 28922795 chr2 14342624 14292947 z=0,color=blue
3R 28923092 29062963 chr2 13654241 13503452 z=0,color=orange
3R 29063821 29112705 chr2 10153131 10105847 z=0,color=blue
3R 29113105 29153258 chr2 9040588 9082381 z=0,color=orange
3R 29158542 29219416 chr2 2622943 2564779 z=0,color=blue
3R 29229332 29314192 chr2 2554766 2468209 z=0,color=orange
3R 29314357 29588190 chr2 2457445 2155963 z=0,color=blue
3R 29589038 29744960 chr2 2145566 1989502 z=0,color=orange
3R 29745355 29799271 chr2 7170299 7113462 z=0,color=blue
3R 29799697 29816494 chr2 16831718 16849305 z=0,color=orange
3R 29837589 29880883 chr2 727252 684757 z=0,color=blue
3R 29892990 29903707 chr2 682285 668542 z=0,color=orange
3R 29905276 29933028 chr2 961939 929417 z=0,color=blue
3R 29933320 30121817 chr2 918683 729184 z=0,color=orange
3R 30125781 30582087 chr2 212238 652283 z=0,color=blue
3R 30584141 30632374 chr2 964435 1029710 z=0,color=orange
3R 30632579 30804480 chr2 1039857 1230979 z=0,color=blue
3R 30807143 31105659 chr2 1243071 1587421 z=0,color=orange
3R 31106604 31118431 chr2 1600406 1588220 z=0,color=blue
3R 31118687 31231298 chr2 1600809 1717333 z=0,color=orange
3R 31231571 31571427 chr2 4531924 4930719 z=0,color=blue
3R 31572163 31617651 chr2 8773451 8724731 z=0,color=orange
3R 31618368 31751723 chr2 17038430 16888888 z=0,color=blue
3R 31751956 31769174 chr2 15083422 15066550 z=0,color=orange
3R 31772243 31793639 chr2 14403482 14427747 z=0,color=blue
3R 31793946 31846627 chr2 16547483 16477750 z=0,color=orange
3R 31846963 32068188 chr2 15353450 15656736 z=0,color=blue
4 13093 25026 chr5 921978 916699 z=0,color=orange
4 33004 60321 chr5 921944 896375 z=0,color=blue
4 70274 110075 chr5 838089 786556 z=0,color=orange
4 133858 142808 chr5 964697 953825 z=0,color=blue
4 158494 174175 chr5 933410 951149 z=0,color=orange
4 177335 204489 chr5 1041967 1018590 z=0,color=blue
4 210398 224465 chr5 1006435 996814 z=0,color=orange
4 231309 245870 chr5 1042230 1050842 z=0,color=blue
4 255529 275709 chr5 1063003 1078759 z=0,color=orange
4 308115 402626 chr5 1097292 1170991 z=0,color=blue
4 411692 443397 chr5 1190300 1218594 z=0,color=orange
4 446510 491205 chr5 1380016 1348318 z=0,color=blue
4 501437 570642 chr5 1338608 1269822 z=0,color=orange
4 573597 588047 chr5 1254891 1239311 z=0,color=blue
4 636343 660588 chr5 1419919 1404493 z=0,color=orange
4 680276 690678 chr5 1447671 1440599 z=0,color=blue
4 691983 787200 chr5 1463135 1560190 z=0,color=orange
4 820843 903503 chr5 1601525 1690479 z=0,color=blue
4 915211 957920 chr5 1694068 1729989 z=0,color=orange
4 963781 975163 chr5 1740303 1747965 z=0,color=blue
4 988434 1006387 chr5 1767175 1789022 z=0,color=orange
4 1013565 1023489 chr5 1815246 1795547 z=0,color=blue
4 1031861 1059843 chr5 759245 732504 z=0,color=orange
4 1063097 1076252 chr5 703849 718490 z=0,color=blue
4 1077545 1120824 chr5 696535 644820 z=0,color=orange
4 1126806 1143884 chr5 614062 628833 z=0,color=blue
4 1164908 1181274 chr5 607685 596792 z=0,color=orange
4 1187500 1199458 chr5 567758 580483 z=0,color=blue
4 1225948 1262722 chr5 558544 523731 z=0,color=orange
X 124479 139822 XL 450986 479779 z=0,color=blue
X 142789 170574 XL 490154 520920 z=0,color=orange
X 185958 199517 XL 552597 579722 z=0,color=blue
X 266111 295860 XL 8739336 8799058 z=0,color=orange
X 307026 529644 XL 8818770 9106715 z=0,color=blue
X 530383 599106 XL 4612688 4694241 z=0,color=orange
X 601387 624809 XL 4706205 4738179 z=0,color=blue
X 630023 643342 XL 18526201 18510773 z=0,color=orange
X 645272 657598 XL 443152 427557 z=0,color=blue
X 659088 686148 XL 4462601 4511019 z=0,color=orange
X 695636 758558 XL 4524164 4611553 z=0,color=blue
X 766006 790024 XL 18656098 18691917 z=0,color=orange
X 793278 844510 XR 28773525 28728692 z=0,color=blue
X 845411 906659 XR 28710910 28617083 z=0,color=orange
X 918122 961721 XR 28583914 28529488 z=0,color=blue
X 962477 997002 XR 28445147 28407276 z=0,color=orange
X 998077 1048730 XR 28393764 28340456 z=0,color=blue
X 1049634 1063106 XR 28329718 28310386 z=0,color=orange
X 1073198 1106514 XR 28308569 28264340 z=0,color=blue
X 1110886 1121193 XR 28252138 28234949 z=0,color=orange
X 1136444 1158360 XR 28216230 28182713 z=0,color=blue
X 1158814 1211658 XR 28163968 28097035 z=0,color=orange
X 1214130 1357535 XR 28080577 27900709 z=0,color=blue
X 1368097 1408319 XR 27900511 27842039 z=0,color=orange
X 1408865 1456649 XR 27829384 27769040 z=0,color=blue
X 1460881 1771704 XR 27757955 27391442 z=0,color=orange
X 1776944 1818227 XR 27321514 27389852 z=0,color=blue
X 1824394 1858974 XL 18701141 18742227 z=0,color=orange
X 1859213 1873534 XL 8426921 8450481 z=0,color=blue
X 1877423 1927354 XL 4879770 4933976 z=0,color=orange
X 1927774 2065091 XL 3532636 3691399 z=0,color=blue
X 2073702 2115615 XL 4978462 5030877 z=0,color=orange
X 2126201 2149704 XR 29434554 29403816 z=0,color=blue
X 2159193 2172154 XL 8462945 8450850 z=0,color=orange
X 2172642 2297616 XL 1039588 883978 z=0,color=blue
X 2340838 2419309 XL 18157526 18240637 z=0,color=orange
X 2427103 2443792 XR 26574820 26597279 z=0,color=blue
X 2445023 2565638 XR 29252250 29092467 z=0,color=orange
X 2568362 2585208 XR 29074050 29052697 z=0,color=blue
X 2596210 2610331 XL 12461569 12443672 z=0,color=orange
X 2624807 2642109 XL 18423346 18402067 z=0,color=blue
X 2648245 2684300 XL 18392039 18350987 z=0,color=orange
X 2688224 2698020 XL 5156927 5143094 z=0,color=blue
X 2698731 2747046 XL 6615623 6665772 z=0,color=orange
X 2749350 2766152 XL 6712201 6688566 z=0,color=blue
X 2768399 2777696 XL 6675602 6686992 z=0,color=orange
X 2777894 3069868 XL 6721467 7080052 z=0,color=blue
X 3082893 3090391 XL 7083868 7093896 z=0,color=orange
X 3090631 3343820 XL 7123085 7429609 z=0,color=blue
X 3344214 3460328 XL 19514768 19653640 z=0,color=orange
X 3465748 3485438 XL 19665210 19692316 z=0,color=blue
X 3486397 3597415 XL 13677210 13542576 z=0,color=orange
X 3619954 3762863 XL 13541885 13362561 z=0,color=blue
X 3767918 3789779 XL 13339336 13309738 z=0,color=orange
X 3802203 3811187 XL 18459588 18471290 z=0,color=blue
X 3811658 3857654 XL 11639662 11688448 z=0,color=orange
X 3858874 3880195 XL 11701409 11723880 z=0,color=blue
X 3880782 3955450 XL 17210223 17274002 z=0,color=orange
X 3965825 4100645 XL 17275657 17439090 z=0,color=blue
X 4103163 4128943 XL 4772981 4740953 z=0,color=orange
X 4131281 4199146 XR 28787925 28859398 z=0,color=blue
X 4207204 4260066 XR 28872095 28940337 z=0,color=orange
X 4271256 4318111 XR 28954287 29042479 z=0,color=blue
X 4329726 4529793 XR 26936441 26693820 z=0,color=orange
X 4530571 4540372 XR 26676588 26664105 z=0,color=blue
X 4554839 4627200 XL 21017181 20933987 z=0,color=orange
X 4631667 4677474 XL 17154687 17206680 z=0,color=blue
X 4680467 4702037 XL 12498527 12470076 z=0,color=orange
X 4702344 4765036 XL 19129727 19196587 z=0,color=blue
X 4809174 4914710 XL 19233032 19345298 z=0,color=orange
X 4915219 5084216 XL 11371994 11545618 z=0,color=blue
X 5089187 5321741 XR 27282928 26998331 z=0,color=orange
X 5323834 5420968 XL 15776677 15880664 z=0,color=blue
X 5422567 5520408 XL 20900255 20780557 z=0,color=orange
X 5528881 5612894 XL 20294858 20200505 z=0,color=blue
X 5613436 5663086 XL 20296670 20350361 z=0,color=orange
X 5664707 5692854 XL 5113065 5142676 z=0,color=blue
X 5695698 5737908 XR 29301245 29356591 z=0,color=orange
X 5738523 5762710 XR 29378254 29402082 z=0,color=blue
X 5764949 5814316 XL 3208571 3151641 z=0,color=orange
X 5816319 5851080 XL 3131875 3080616 z=0,color=blue
X 5868674 5882788 XL 3027578 3004594 z=0,color=orange
X 5887073 5915103 XL 10324943 10293886 z=0,color=blue
X 5947960 6050423 XL 10262095 10148979 z=0,color=orange
X 6051061 6103696 XL 10128753 10075839 z=0,color=blue
X 6104051 6276642 XL 15124392 15310954 z=0,color=orange
X 6277126 6287827 XL 7824052 7816665 z=0,color=blue
X 6303908 6372827 XL 18932252 18863011 z=0,color=orange
X 6373183 6523487 XL 7441992 7581479 z=0,color=blue
X 6524659 6590557 XR 26663435 26598830 z=0,color=orange
X 6597117 6719420 XL 802918 661423 z=0,color=blue
X 6720203 6755447 XL 18533047 18569359 z=0,color=orange
X 6762004 6824049 XL 18580218 18652996 z=0,color=blue
X 6824514 6849505 XL 20902791 20932277 z=0,color=orange
X 6849774 6857565 XL 1042585 1053861 z=0,color=blue
X 6862625 6886617 XL 1066185 1098920 z=0,color=orange
X 6889876 6904415 XL 1149967 1169986 z=0,color=blue
X 6905372 6968745 XL 1230514 1312494 z=0,color=orange
X 6973614 7013568 XL 11547506 11595711 z=0,color=blue
X 7015578 7065851 XL 11638935 11596797 z=0,color=orange
X 7069593 7093249 XL 18478397 18502687 z=0,color=blue
X 7102942 7883586 XL 15886827 16791698 z=0,color=orange
X 7883649 7893778 XL 16802148 16814687 z=0,color=blue
X 7894055 7921735 XL 4963814 4935066 z=0,color=orange
X 7922142 7993322 XL 3529958 3455789 z=0,color=blue
X 7994353 8030919 XL 3412768 3375594 z=0,color=orange
X 8037824 8061087 XL 11338822 11366581 z=0,color=blue
X 8061915 8092235 XL 18296305 18329580 z=0,color=orange
X 8117049 8240512 XL 8602429 8734756 z=0,color=blue
X 8240827 8252007 XR 29289365 29301048 z=0,color=orange
X 8252622 8397108 XL 6611560 6459754 z=0,color=blue
X 8398909 8413532 XL 21237833 21224101 z=0,color=orange
X 8427082 8436797 XL 21213035 21202651 z=0,color=blue
X 8437116 8517032 XL 8035220 8121496 z=0,color=orange
X 8525705 8555163 XR 30429023 30392539 z=0,color=blue
X 8563271 8573004 XL 15765228 15775810 z=0,color=orange
X 8592151 8721490 XL 12546865 12682506 z=0,color=blue
X 8724751 8944197 XL 12710396 12942150 z=0,color=orange
X 8958422 9085694 XL 12948683 13091923 z=0,color=blue
X 9089488 9161932 XL 11807389 11726429 z=0,color=orange
X 9163441 9192339 XL 15760060 15726496 z=0,color=blue
X 9196872 9216367 XL 19114792 19094023 z=0,color=orange
X 9218234 9247069 XL 5743615 5712372 z=0,color=blue
X 9247796 9549528 XL 20041138 19710422 z=0,color=orange
X 9558770 9579777 XL 19451535 19430174 z=0,color=blue
X 9609297 9631098 XL 21989333 21967452 z=0,color=orange
X 9640571 9937079 XL 21957402 21647111 z=0,color=blue
X 9937751 9954340 XL 21630417 21646042 z=0,color=orange
X 9957107 10085938 XL 21628011 21495631 z=0,color=blue
X 10122112 10195339 XR 30989935 30879127 z=0,color=orange
X 10213002 10233712 XL 19488523 19468643 z=0,color=blue
X 10234612 10324803 XL 13684725 13785013 z=0,color=orange
X 10326612 10385054 XL 19059731 18999140 z=0,color=blue
X 10386147 10710982 XL 10331664 10702641 z=0,color=orange
X 10711163 10768123 XL 18242940 18294352 z=0,color=blue
X 10768641 10786909 XL 10716963 10736576 z=0,color=orange
X 10787835 10830213 XL 12436281 12388419 z=0,color=blue
X 10833506 10877794 XR 26949728 26997289 z=0,color=orange
X 10878190 10899241 XL 8467647 8488706 z=0,color=blue
X 10901948 11038907 XL 5163776 5340854 z=0,color=orange
X 11049664 11108070 XL 5375053 5462853 z=0,color=blue
X 11110005 11128983 XL 17815610 17795282 z=0,color=orange
X 11129324 11146672 XL 7786981 7804165 z=0,color=blue
X 11149743 11178942 XL 8033620 7999190 z=0,color=orange
X 11179338 11206429 XL 7983427 7997557 z=0,color=blue
X 11207553 11325146 XL 7983108 7866419 z=0,color=orange
X 11326197 11339533 XL 5811367 5825521 z=0,color=blue
X 11349082 11445571 XL 10867837 10750228 z=0,color=orange
X 11455809 11483268 XL 6437060 6401909 z=0,color=blue
X 11483653 11555043 XL 6320783 6391995 z=0,color=orange
X 11561778 11569973 XL 18457759 18444791 z=0,color=blue
X 11616179 11633298 XL 19365687 19385915 z=0,color=orange
X 11643713 11678434 XL 19390257 19429418 z=0,color=blue
X 11679601 11694741 XL 14969534 14983426 z=0,color=orange
X 11695151 11742064 XL 3350386 3299610 z=0,color=blue
X 11755383 11791669 XL 3299543 3260872 z=0,color=orange
X 11792567 11852296 XL 8602306 8532580 z=0,color=blue
X 11869266 11904916 XL 9205081 9168780 z=0,color=orange
X 11907405 11917258 XL 14911001 14900249 z=0,color=blue
X 11921633 12012073 XL 14882884 14782198 z=0,color=orange
X 12014989 12028149 XL 7764637 7777144 z=0,color=blue
X 12035755 12107040 XR 25663478 25736782 z=0,color=orange
X 12121301 12336216 XR 25755345 25981016 z=0,color=blue
X 12341221 12392986 XR 25993439 26049291 z=0,color=orange
X 12394140 12591987 XR 26060977 26319977 z=0,color=blue
X 12596518 12653452 XR 26337632 26405642 z=0,color=orange
X 12653847 12756616 XR 26416316 26526597 z=0,color=blue
X 12773496 12976357 XR 29466996 29708972 z=0,color=orange
X 12979972 12987304 XR 29720262 29730277 z=0,color=blue
X 12988271 13078281 XR 29740680 29877738 z=0,color=orange
X 13079788 13112448 XL 20076397 20113181 z=0,color=blue
X 13116430 13134782 XL 10056900 10073578 z=0,color=orange
X 13135559 13153501 XL 15123787 15103087 z=0,color=blue
X 13155092 13210669 XL 15044480 14989187 z=0,color=orange
X 13212578 13262475 XL 1376524 1321118 z=0,color=blue
X 13263493 13287494 XL 1381815 1417351 z=0,color=orange
X 13297052 13401219 XL 18156060 18061694 z=0,color=blue
X 13404679 13420745 XL 22032526 22014077 z=0,color=orange
X 13421819 13434815 XL 8359667 8343902 z=0,color=blue
X 13435351 13551167 XL 8329819 8200622 z=0,color=orange
X 13551451 13611969 XL 8187586 8121919 z=0,color=blue
X 13617163 13628114 XR 30542118 30530973 z=0,color=orange
X 13643725 13664576 XR 30508568 30477119 z=0,color=blue
X 13664748 13677877 XR 30462202 30445710 z=0,color=orange
X 13678367 13782024 XL 5828745 5935934 z=0,color=blue
X 13784345 13811491 XL 9165630 9143614 z=0,color=orange
X 13811883 14046194 XL 11281264 11034623 z=0,color=blue
X 14062245 14138268 XL 11032481 10954445 z=0,color=orange
X 14139624 14199806 XL 10935676 10879296 z=0,color=blue
X 14201361 14237780 XL 13272131 13308912 z=0,color=orange
X 14238334 14549621 XL 9829889 9505951 z=0,color=blue
X 14560517 14802413 XL 9501971 9241618 z=0,color=orange
X 14832619 15009954 XL 17869738 18054057 z=0,color=blue
X 15010697 15066379 XL 18951735 18998421 z=0,color=orange
X 15066976 15139129 XL 3001209 2918185 z=0,color=blue
X 15139901 15220264 XL 2849818 2746960 z=0,color=orange
X 15223732 15243641 XL 2734631 2702944 z=0,color=blue
X 15262062 15276896 XL 2187890 2160987 z=0,color=orange
X 15279657 15291798 XL 2150981 2137818 z=0,color=blue
X 15293132 15319084 XL 2099866 2067150 z=0,color=orange
X 15319730 15462367 XL 16959425 16815020 z=0,color=blue
X 15462824 15564417 XL 1417923 1541033 z=0,color=orange
X 15569109 15652835 XL 20680826 20763433 z=0,color=blue
X 15654032 15737033 XL 20199264 20113745 z=0,color=orange
X 15793988 15798083 XR 31503735 31514151 z=0,color=blue
X 15876363 15882597 XR 43015433 42975134 z=0,color=orange
X 16075060 16107666 XL 14445215 14485505 z=0,color=blue
X 16116499 16275943 XL 14505141 14674247 z=0,color=orange
X 16325708 16340510 XL 14674887 14690750 z=0,color=blue
X 16350579 16361202 XL 14695256 14706441 z=0,color=orange
X 16361739 16419796 XL 14718906 14777772 z=0,color=blue
X 16423152 16582567 XL 7760467 7603235 z=0,color=orange
X 16599816 16614843 XL 11321286 11337105 z=0,color=blue
X 16615013 16637346 XL 17864261 17844165 z=0,color=orange
X 16656408 16668697 XL 7864615 7852575 z=0,color=blue
X 16668872 16683741 XL 12546583 12535093 z=0,color=orange
X 16695836 16786753 XL 18862330 18754979 z=0,color=blue
X 16787839 16800671 XL 18742905 18754753 z=0,color=orange
X 16803924 16826566 XL 20041944 20065608 z=0,color=blue
X 16826667 16837806 XR 30198377 30213019 z=0,color=orange
X 16838380 16888187 XR 30227054 30282847 z=0,color=blue
X 16889704 16963272 XR 30294675 30376382 z=0,color=orange
X 16969918 17093752 XL 5537787 5685110 z=0,color=blue
X 17108801 17135993 XL 8424912 8400636 z=0,color=orange
X 17137085 17148363 XL 8390105 8380927 z=0,color=blue
X 17160399 17423319 XL 5956740 6272644 z=0,color=orange
X 17424903 17454845 XL 6286004 6318202 z=0,color=blue
X 17456136 17578746 XL 21058864 21201996 z=0,color=orange
X 17581323 17606882 XL 12532691 12501780 z=0,color=blue
X 17611986 17634906 XL 9140476 9109639 z=0,color=orange
X 17636362 17709442 XL 1982525 2066672 z=0,color=blue
X 17710933 17751759 XL 16963156 17004763 z=0,color=orange
X 17820768 17884435 XL 17079042 17149776 z=0,color=blue
X 17908567 17924039 XL 9831278 9847658 z=0,color=orange
X 17924263 18103234 XL 9858191 10046006 z=0,color=blue
X 18105535 18128315 XR 29256152 29288395 z=0,color=orange
X 18145318 18634163 XL 22753892 22283229 z=0,color=blue
X 18635634 18813807 XL 22256107 22070590 z=0,color=orange
X 18820326 18830413 XL 22060247 22049104 z=0,color=blue
X 18830660 18842479 XL 15406512 15392341 z=0,color=orange
X 18844471 18863456 XL 15332777 15311900 z=0,color=blue
X 18863975 18884134 XL 7827635 7849938 z=0,color=orange
X 18884813 19117293 XL 15407065 15673173 z=0,color=blue
X 19132156 19176709 XL 15687800 15725602 z=0,color=orange
X 19176991 19238935 XL 13092249 13163826 z=0,color=blue
X 20430227 20502148 XL 13792100 13872981 z=0,color=orange
X 20511992 20956277 XL 13883778 14350181 z=0,color=blue
X 20966432 20978900 XL 14352198 14362225 z=0,color=orange
X 21006625 21028280 XL 14384125 14407421 z=0,color=blue
X 21030651 21141961 XL 21495155 21408906 z=0,color=orange
X 21180180 21323230 XL 21382956 21239350 z=0,color=blue
X 21324360 21345091 XL 6459337 6438546 z=0,color=orange
X 21350317 21494196 XL 1979050 1792819 z=0,color=blue
X 21497316 21516749 XL 1782495 1759845 z=0,color=orange
X 21566815 21575236 XL 1747906 1732004 z=0,color=blue
X 21575779 21592742 XL 1710495 1692289 z=0,color=orange
X 21599325 21629833 XL 1681784 1667425 z=0,color=blue
X 22444752 22507681 XL 1664425 1597567 z=0,color=orange
X 22511563 22544375 XL 1581240 1549809 z=0,color=blue
X 22583627 22637383 XL 20668260 20622785 z=0,color=orange
X 22648009 22679314 XL 20619636 20584323 z=0,color=blue
X 22724821 22763754 XL 20563558 20531975 z=0,color=orange
X 22774864 22885541 XL 20525671 20427306 z=0,color=blue
X 22956727 22965216 XL 20383870 20373331 z=0,color=orange
X 22980684 23010667 XL 20371096 20355271 z=0,color=blue
X 23013527 23047608 XL 5111710 5092039 z=0,color=orange
X 23068023 23107339 XL 5083386 5047994 z=0,color=blue
